<?xml version="1.0" encoding="UTF-8"?>
<testsuite name="com.piyal.ApplicationTest" tests="1" skipped="0" failures="1" errors="0" timestamp="2025-02-12T08:20:10" hostname="Mac.attlocal.net" time="0.001">
  <properties/>
  <testcase name="initializationError" classname="com.piyal.ApplicationTest" time="0.001">
    <failure message="io.micronaut.context.exceptions.BeanInstantiationException: Bean definition [javax.sql.DataSource] could not be loaded: Error instantiating bean of type  [javax.sql.DataSource]&#10;&#10;Message: Failed to initialize pool: Access denied for user 'testuser'@'localhost' (using password: YES)&#10;Path Taken: DatasourceFactory.dataSource(DatasourceConfiguration datasourceConfiguration)" type="io.micronaut.context.exceptions.BeanInstantiationException">io.micronaut.context.exceptions.BeanInstantiationException: Bean definition [javax.sql.DataSource] could not be loaded: Error instantiating bean of type  [javax.sql.DataSource]

Message: Failed to initialize pool: Access denied for user 'testuser'@'localhost' (using password: YES)
Path Taken: DatasourceFactory.dataSource(DatasourceConfiguration datasourceConfiguration)
	at app//io.micronaut.context.DefaultBeanContext.initializeContext(DefaultBeanContext.java:1998)
	at app//io.micronaut.context.DefaultApplicationContext.initializeContext(DefaultApplicationContext.java:303)
	at app//io.micronaut.context.DefaultBeanContext.configureAndStartContext(DefaultBeanContext.java:3310)
	at app//io.micronaut.context.DefaultBeanContext.start(DefaultBeanContext.java:345)
	at app//io.micronaut.context.DefaultApplicationContext.start(DefaultApplicationContext.java:211)
	at app//io.micronaut.test.extensions.AbstractMicronautExtension.startApplicationContext(AbstractMicronautExtension.java:507)
	at app//io.micronaut.test.extensions.AbstractMicronautExtension.beforeClass(AbstractMicronautExtension.java:346)
	at app//io.micronaut.test.extensions.junit5.MicronautJunit5Extension.beforeAll(MicronautJunit5Extension.java:84)
	at java.base@17.0.10/java.util.ArrayList.forEach(ArrayList.java:1511)
Caused by: io.micronaut.context.exceptions.BeanInstantiationException: Error instantiating bean of type  [javax.sql.DataSource]

Message: Failed to initialize pool: Access denied for user 'testuser'@'localhost' (using password: YES)
Path Taken: DatasourceFactory.dataSource(DatasourceConfiguration datasourceConfiguration)
	at app//io.micronaut.context.DefaultBeanContext.resolveByBeanFactory(DefaultBeanContext.java:2342)
	at app//io.micronaut.context.DefaultBeanContext.doCreateBean(DefaultBeanContext.java:2297)
	at app//io.micronaut.context.DefaultBeanContext.doCreateBean(DefaultBeanContext.java:2309)
	at app//io.micronaut.context.DefaultBeanContext.createRegistration(DefaultBeanContext.java:3119)
	at app//io.micronaut.context.SingletonScope.getOrCreate(SingletonScope.java:80)
	at app//io.micronaut.context.DefaultBeanContext.findOrCreateSingletonBeanRegistration(DefaultBeanContext.java:3021)
	at app//io.micronaut.context.DefaultBeanContext.initializeEagerBean(DefaultBeanContext.java:2685)
	at app//io.micronaut.context.DefaultBeanContext.initializeContext(DefaultBeanContext.java:1992)
	... 8 more
Caused by: com.zaxxer.hikari.pool.HikariPool$PoolInitializationException: Failed to initialize pool: Access denied for user 'testuser'@'localhost' (using password: YES)
	at app//com.zaxxer.hikari.pool.HikariPool.throwPoolInitializationException(HikariPool.java:584)
	at app//com.zaxxer.hikari.pool.HikariPool.checkFailFast(HikariPool.java:571)
	at app//com.zaxxer.hikari.pool.HikariPool.&lt;init&gt;(HikariPool.java:98)
	at app//com.zaxxer.hikari.HikariDataSource.&lt;init&gt;(HikariDataSource.java:80)
	at app//io.micronaut.configuration.jdbc.hikari.HikariUrlDataSource.&lt;init&gt;(HikariUrlDataSource.java:35)
	at app//io.micronaut.configuration.jdbc.hikari.DatasourceFactory.dataSource(DatasourceFactory.java:66)
	at app//io.micronaut.configuration.jdbc.hikari.$DatasourceFactory$DataSource0$Definition.instantiate(Unknown Source)
	at app//io.micronaut.context.BeanDefinitionDelegate.instantiate(BeanDefinitionDelegate.java:159)
	at app//io.micronaut.context.DefaultBeanContext.resolveByBeanFactory(DefaultBeanContext.java:2327)
	... 15 more
Caused by: java.sql.SQLException: Access denied for user 'testuser'@'localhost' (using password: YES)
	at com.mysql.cj.jdbc.exceptions.SQLError.createSQLException(SQLError.java:121)
	at com.mysql.cj.jdbc.exceptions.SQLExceptionsMapping.translateException(SQLExceptionsMapping.java:113)
	at com.mysql.cj.jdbc.ConnectionImpl.createNewIO(ConnectionImpl.java:861)
	at com.mysql.cj.jdbc.ConnectionImpl.&lt;init&gt;(ConnectionImpl.java:449)
	at com.mysql.cj.jdbc.ConnectionImpl.getInstance(ConnectionImpl.java:234)
	at com.mysql.cj.jdbc.NonRegisteringDriver.connect(NonRegisteringDriver.java:180)
	at com.zaxxer.hikari.util.DriverDataSource.getConnection(DriverDataSource.java:137)
	at com.zaxxer.hikari.pool.PoolBase.newConnection(PoolBase.java:360)
	at com.zaxxer.hikari.pool.PoolBase.newPoolEntry(PoolBase.java:202)
	at com.zaxxer.hikari.pool.HikariPool.createPoolEntry(HikariPool.java:461)
	at com.zaxxer.hikari.pool.HikariPool.checkFailFast(HikariPool.java:550)
	... 22 more
</failure>
  </testcase>
  <system-out><![CDATA[?[36m00:20:08.578?[0;39m ?[1;30m[Test worker]?[0;39m ?[34mINFO ?[0;39m ?[35mi.m.c.DefaultApplicationContext$RuntimeConfiguredEnvironment?[0;39m - Established active environments: [test]
?[36m00:20:08.685?[0;39m ?[1;30m[Test worker]?[0;39m ?[34mINFO ?[0;39m ?[35mi.m.s.ObjectMappers$ObjectMapperContext$1?[0;39m - Established active environments: [test]
?[36m00:20:08.878?[0;39m ?[1;30m[Test worker]?[0;39m ?[34mINFO ?[0;39m ?[35mcom.zaxxer.hikari.HikariDataSource?[0;39m - HikariPool-1 - Starting...
]]></system-out>
  <system-err><![CDATA[]]></system-err>
</testsuite>
